

Date：2023-02-14 11:20:05.185
LogLevel：Debug
Message： 
****************************异常文本****************************
【出现时间】：2023/2/14 11:20:05
【异常类型】：ArgumentOutOfRangeException
【异常信息】：InvalidArgument=“0”的值对于“SelectedIndex”无效。
参数名: SelectedIndex
【堆栈调用】：   在 System.Windows.Forms.ListBox.set_SelectedIndex(Int32 value)
   在 Sunny.UI.UIListBox.set_SelectedIndex(Int32 value)
   在 Sunny.UI.UIComboBox.set_SelectedIndex(Int32 value)
   在 WeightCore.GameSystem.MyControl.UserControl1.set_P_State(Int32 value) 位置 D:\WorkProject\C#Project\机器测试\身高体重\德育龙\WeightCore\WeightCore\GameSystem\MyControl\UserControl1.cs:行号 112
   在 WeightCore.GameSystem.GameWindowSys.RunningTestingWindowSys.ClearMatchStudent(List`1 userControl1s) 位置 D:\WorkProject\C#Project\机器测试\身高体重\德育龙\WeightCore\WeightCore\GameSystem\GameWindowSys\RunningTestingWindowSys.cs:行号 372
   在 WeightCore.GameSystem.GameWindow.RunningTestingWindow.ChooseMatchStudent() 位置 D:\WorkProject\C#Project\机器测试\身高体重\德育龙\WeightCore\WeightCore\GameSystem\GameWindow\RunningTestingWindow.cs:行号 534
【异常方法】：Void set_SelectedIndex(Int32)
***************************************************************

--------------------------------------------------

Date：2023-02-14 11:20:09.120
LogLevel：Debug
Message： 
****************************异常文本****************************
【出现时间】：2023/2/14 11:20:09
【异常类型】：ArgumentOutOfRangeException
【异常信息】：InvalidArgument=“0”的值对于“SelectedIndex”无效。
参数名: SelectedIndex
【堆栈调用】：   在 System.Windows.Forms.ListBox.set_SelectedIndex(Int32 value)
   在 Sunny.UI.UIListBox.set_SelectedIndex(Int32 value)
   在 Sunny.UI.UIComboBox.set_SelectedIndex(Int32 value)
   在 WeightCore.GameSystem.MyControl.UserControl1.set_P_State(Int32 value) 位置 D:\WorkProject\C#Project\机器测试\身高体重\德育龙\WeightCore\WeightCore\GameSystem\MyControl\UserControl1.cs:行号 112
   在 WeightCore.GameSystem.GameWindowSys.RunningTestingWindowSys.ClearMatchStudent(List`1 userControl1s) 位置 D:\WorkProject\C#Project\机器测试\身高体重\德育龙\WeightCore\WeightCore\GameSystem\GameWindowSys\RunningTestingWindowSys.cs:行号 372
   在 WeightCore.GameSystem.GameWindow.RunningTestingWindow.AutoMatchStudent() 位置 D:\WorkProject\C#Project\机器测试\身高体重\德育龙\WeightCore\WeightCore\GameSystem\GameWindow\RunningTestingWindow.cs:行号 481
【异常方法】：Void set_SelectedIndex(Int32)
***************************************************************

--------------------------------------------------

Date：2023-02-14 11:20:09.783
LogLevel：Debug
Message： 
****************************异常文本****************************
【出现时间】：2023/2/14 11:20:09
【异常类型】：ArgumentOutOfRangeException
【异常信息】：InvalidArgument=“0”的值对于“SelectedIndex”无效。
参数名: SelectedIndex
【堆栈调用】：   在 System.Windows.Forms.ListBox.set_SelectedIndex(Int32 value)
   在 Sunny.UI.UIListBox.set_SelectedIndex(Int32 value)
   在 Sunny.UI.UIComboBox.set_SelectedIndex(Int32 value)
   在 WeightCore.GameSystem.MyControl.UserControl1.set_P_State(Int32 value) 位置 D:\WorkProject\C#Project\机器测试\身高体重\德育龙\WeightCore\WeightCore\GameSystem\MyControl\UserControl1.cs:行号 112
   在 WeightCore.GameSystem.GameWindowSys.RunningTestingWindowSys.ClearMatchStudent(List`1 userControl1s) 位置 D:\WorkProject\C#Project\机器测试\身高体重\德育龙\WeightCore\WeightCore\GameSystem\GameWindowSys\RunningTestingWindowSys.cs:行号 372
   在 WeightCore.GameSystem.GameWindow.RunningTestingWindow.AutoMatchStudent() 位置 D:\WorkProject\C#Project\机器测试\身高体重\德育龙\WeightCore\WeightCore\GameSystem\GameWindow\RunningTestingWindow.cs:行号 481
【异常方法】：Void set_SelectedIndex(Int32)
***************************************************************

--------------------------------------------------

Date：2023-02-14 11:20:09.984
LogLevel：Debug
Message： 
****************************异常文本****************************
【出现时间】：2023/2/14 11:20:09
【异常类型】：ArgumentOutOfRangeException
【异常信息】：InvalidArgument=“0”的值对于“SelectedIndex”无效。
参数名: SelectedIndex
【堆栈调用】：   在 System.Windows.Forms.ListBox.set_SelectedIndex(Int32 value)
   在 Sunny.UI.UIListBox.set_SelectedIndex(Int32 value)
   在 Sunny.UI.UIComboBox.set_SelectedIndex(Int32 value)
   在 WeightCore.GameSystem.MyControl.UserControl1.set_P_State(Int32 value) 位置 D:\WorkProject\C#Project\机器测试\身高体重\德育龙\WeightCore\WeightCore\GameSystem\MyControl\UserControl1.cs:行号 112
   在 WeightCore.GameSystem.GameWindowSys.RunningTestingWindowSys.ClearMatchStudent(List`1 userControl1s) 位置 D:\WorkProject\C#Project\机器测试\身高体重\德育龙\WeightCore\WeightCore\GameSystem\GameWindowSys\RunningTestingWindowSys.cs:行号 372
   在 WeightCore.GameSystem.GameWindow.RunningTestingWindow.AutoMatchStudent() 位置 D:\WorkProject\C#Project\机器测试\身高体重\德育龙\WeightCore\WeightCore\GameSystem\GameWindow\RunningTestingWindow.cs:行号 481
【异常方法】：Void set_SelectedIndex(Int32)
***************************************************************

--------------------------------------------------

Date：2023-02-14 11:20:10.160
LogLevel：Debug
Message： 
****************************异常文本****************************
【出现时间】：2023/2/14 11:20:10
【异常类型】：ArgumentOutOfRangeException
【异常信息】：InvalidArgument=“0”的值对于“SelectedIndex”无效。
参数名: SelectedIndex
【堆栈调用】：   在 System.Windows.Forms.ListBox.set_SelectedIndex(Int32 value)
   在 Sunny.UI.UIListBox.set_SelectedIndex(Int32 value)
   在 Sunny.UI.UIComboBox.set_SelectedIndex(Int32 value)
   在 WeightCore.GameSystem.MyControl.UserControl1.set_P_State(Int32 value) 位置 D:\WorkProject\C#Project\机器测试\身高体重\德育龙\WeightCore\WeightCore\GameSystem\MyControl\UserControl1.cs:行号 112
   在 WeightCore.GameSystem.GameWindowSys.RunningTestingWindowSys.ClearMatchStudent(List`1 userControl1s) 位置 D:\WorkProject\C#Project\机器测试\身高体重\德育龙\WeightCore\WeightCore\GameSystem\GameWindowSys\RunningTestingWindowSys.cs:行号 372
   在 WeightCore.GameSystem.GameWindow.RunningTestingWindow.AutoMatchStudent() 位置 D:\WorkProject\C#Project\机器测试\身高体重\德育龙\WeightCore\WeightCore\GameSystem\GameWindow\RunningTestingWindow.cs:行号 481
【异常方法】：Void set_SelectedIndex(Int32)
***************************************************************

--------------------------------------------------

Date：2023-02-14 11:20:10.342
LogLevel：Debug
Message： 
****************************异常文本****************************
【出现时间】：2023/2/14 11:20:10
【异常类型】：ArgumentOutOfRangeException
【异常信息】：InvalidArgument=“0”的值对于“SelectedIndex”无效。
参数名: SelectedIndex
【堆栈调用】：   在 System.Windows.Forms.ListBox.set_SelectedIndex(Int32 value)
   在 Sunny.UI.UIListBox.set_SelectedIndex(Int32 value)
   在 Sunny.UI.UIComboBox.set_SelectedIndex(Int32 value)
   在 WeightCore.GameSystem.MyControl.UserControl1.set_P_State(Int32 value) 位置 D:\WorkProject\C#Project\机器测试\身高体重\德育龙\WeightCore\WeightCore\GameSystem\MyControl\UserControl1.cs:行号 112
   在 WeightCore.GameSystem.GameWindowSys.RunningTestingWindowSys.ClearMatchStudent(List`1 userControl1s) 位置 D:\WorkProject\C#Project\机器测试\身高体重\德育龙\WeightCore\WeightCore\GameSystem\GameWindowSys\RunningTestingWindowSys.cs:行号 372
   在 WeightCore.GameSystem.GameWindow.RunningTestingWindow.AutoMatchStudent() 位置 D:\WorkProject\C#Project\机器测试\身高体重\德育龙\WeightCore\WeightCore\GameSystem\GameWindow\RunningTestingWindow.cs:行号 481
【异常方法】：Void set_SelectedIndex(Int32)
***************************************************************

--------------------------------------------------

Date：2023-02-14 11:20:10.536
LogLevel：Debug
Message： 
****************************异常文本****************************
【出现时间】：2023/2/14 11:20:10
【异常类型】：ArgumentOutOfRangeException
【异常信息】：InvalidArgument=“0”的值对于“SelectedIndex”无效。
参数名: SelectedIndex
【堆栈调用】：   在 System.Windows.Forms.ListBox.set_SelectedIndex(Int32 value)
   在 Sunny.UI.UIListBox.set_SelectedIndex(Int32 value)
   在 Sunny.UI.UIComboBox.set_SelectedIndex(Int32 value)
   在 WeightCore.GameSystem.MyControl.UserControl1.set_P_State(Int32 value) 位置 D:\WorkProject\C#Project\机器测试\身高体重\德育龙\WeightCore\WeightCore\GameSystem\MyControl\UserControl1.cs:行号 112
   在 WeightCore.GameSystem.GameWindowSys.RunningTestingWindowSys.ClearMatchStudent(List`1 userControl1s) 位置 D:\WorkProject\C#Project\机器测试\身高体重\德育龙\WeightCore\WeightCore\GameSystem\GameWindowSys\RunningTestingWindowSys.cs:行号 372
   在 WeightCore.GameSystem.GameWindow.RunningTestingWindow.AutoMatchStudent() 位置 D:\WorkProject\C#Project\机器测试\身高体重\德育龙\WeightCore\WeightCore\GameSystem\GameWindow\RunningTestingWindow.cs:行号 481
【异常方法】：Void set_SelectedIndex(Int32)
***************************************************************

--------------------------------------------------

Date：2023-02-14 11:20:10.728
LogLevel：Debug
Message： 
****************************异常文本****************************
【出现时间】：2023/2/14 11:20:10
【异常类型】：ArgumentOutOfRangeException
【异常信息】：InvalidArgument=“0”的值对于“SelectedIndex”无效。
参数名: SelectedIndex
【堆栈调用】：   在 System.Windows.Forms.ListBox.set_SelectedIndex(Int32 value)
   在 Sunny.UI.UIListBox.set_SelectedIndex(Int32 value)
   在 Sunny.UI.UIComboBox.set_SelectedIndex(Int32 value)
   在 WeightCore.GameSystem.MyControl.UserControl1.set_P_State(Int32 value) 位置 D:\WorkProject\C#Project\机器测试\身高体重\德育龙\WeightCore\WeightCore\GameSystem\MyControl\UserControl1.cs:行号 112
   在 WeightCore.GameSystem.GameWindowSys.RunningTestingWindowSys.ClearMatchStudent(List`1 userControl1s) 位置 D:\WorkProject\C#Project\机器测试\身高体重\德育龙\WeightCore\WeightCore\GameSystem\GameWindowSys\RunningTestingWindowSys.cs:行号 372
   在 WeightCore.GameSystem.GameWindow.RunningTestingWindow.AutoMatchStudent() 位置 D:\WorkProject\C#Project\机器测试\身高体重\德育龙\WeightCore\WeightCore\GameSystem\GameWindow\RunningTestingWindow.cs:行号 481
【异常方法】：Void set_SelectedIndex(Int32)
***************************************************************

--------------------------------------------------

Date：2023-02-14 11:20:10.928
LogLevel：Debug
Message： 
****************************异常文本****************************
【出现时间】：2023/2/14 11:20:10
【异常类型】：ArgumentOutOfRangeException
【异常信息】：InvalidArgument=“0”的值对于“SelectedIndex”无效。
参数名: SelectedIndex
【堆栈调用】：   在 System.Windows.Forms.ListBox.set_SelectedIndex(Int32 value)
   在 Sunny.UI.UIListBox.set_SelectedIndex(Int32 value)
   在 Sunny.UI.UIComboBox.set_SelectedIndex(Int32 value)
   在 WeightCore.GameSystem.MyControl.UserControl1.set_P_State(Int32 value) 位置 D:\WorkProject\C#Project\机器测试\身高体重\德育龙\WeightCore\WeightCore\GameSystem\MyControl\UserControl1.cs:行号 112
   在 WeightCore.GameSystem.GameWindowSys.RunningTestingWindowSys.ClearMatchStudent(List`1 userControl1s) 位置 D:\WorkProject\C#Project\机器测试\身高体重\德育龙\WeightCore\WeightCore\GameSystem\GameWindowSys\RunningTestingWindowSys.cs:行号 372
   在 WeightCore.GameSystem.GameWindow.RunningTestingWindow.AutoMatchStudent() 位置 D:\WorkProject\C#Project\机器测试\身高体重\德育龙\WeightCore\WeightCore\GameSystem\GameWindow\RunningTestingWindow.cs:行号 481
【异常方法】：Void set_SelectedIndex(Int32)
***************************************************************

--------------------------------------------------

Date：2023-02-14 11:20:14.281
LogLevel：Debug
Message： 
****************************异常文本****************************
【出现时间】：2023/2/14 11:20:14
【异常类型】：ArgumentOutOfRangeException
【异常信息】：索引超出范围。必须为非负值并小于集合大小。
参数名: index
【堆栈调用】：   在 System.ThrowHelper.ThrowArgumentOutOfRangeException(ExceptionArgument argument, ExceptionResource resource)
   在 System.Collections.Generic.List`1.get_Item(Int32 index)
   在 WeightCore.GameSystem.GameWindow.RunningTestingWindow.AnalyData(SerialMsg data) 位置 D:\WorkProject\C#Project\机器测试\身高体重\德育龙\WeightCore\WeightCore\GameSystem\GameWindow\RunningTestingWindow.cs:行号 181
【异常方法】：Void ThrowArgumentOutOfRangeException(System.ExceptionArgument, System.ExceptionResource)
***************************************************************

--------------------------------------------------

Date：2023-02-14 11:20:21.034
LogLevel：Debug
Message： 
****************************异常文本****************************
【出现时间】：2023/2/14 11:20:21
【异常类型】：ArgumentOutOfRangeException
【异常信息】：InvalidArgument=“0”的值对于“SelectedIndex”无效。
参数名: SelectedIndex
【堆栈调用】：   在 System.Windows.Forms.ListBox.set_SelectedIndex(Int32 value)
   在 Sunny.UI.UIListBox.set_SelectedIndex(Int32 value)
   在 Sunny.UI.UIComboBox.set_SelectedIndex(Int32 value)
   在 WeightCore.GameSystem.MyControl.UserControl1.set_P_State(Int32 value) 位置 D:\WorkProject\C#Project\机器测试\身高体重\德育龙\WeightCore\WeightCore\GameSystem\MyControl\UserControl1.cs:行号 112
   在 WeightCore.GameSystem.GameWindowSys.RunningTestingWindowSys.ClearMatchStudent(List`1 userControl1s) 位置 D:\WorkProject\C#Project\机器测试\身高体重\德育龙\WeightCore\WeightCore\GameSystem\GameWindowSys\RunningTestingWindowSys.cs:行号 372
   在 WeightCore.GameSystem.GameWindow.RunningTestingWindow.AutoMatchStudent() 位置 D:\WorkProject\C#Project\机器测试\身高体重\德育龙\WeightCore\WeightCore\GameSystem\GameWindow\RunningTestingWindow.cs:行号 481
【异常方法】：Void set_SelectedIndex(Int32)
***************************************************************

--------------------------------------------------

Date：2023-02-14 11:20:23.129
LogLevel：Debug
Message： 
****************************异常文本****************************
【出现时间】：2023/2/14 11:20:23
【异常类型】：ArgumentOutOfRangeException
【异常信息】：InvalidArgument=“0”的值对于“SelectedIndex”无效。
参数名: SelectedIndex
【堆栈调用】：   在 System.Windows.Forms.ListBox.set_SelectedIndex(Int32 value)
   在 Sunny.UI.UIListBox.set_SelectedIndex(Int32 value)
   在 Sunny.UI.UIComboBox.set_SelectedIndex(Int32 value)
   在 WeightCore.GameSystem.MyControl.UserControl1.set_P_State(Int32 value) 位置 D:\WorkProject\C#Project\机器测试\身高体重\德育龙\WeightCore\WeightCore\GameSystem\MyControl\UserControl1.cs:行号 112
   在 WeightCore.GameSystem.GameWindowSys.RunningTestingWindowSys.ClearMatchStudent(List`1 userControl1s) 位置 D:\WorkProject\C#Project\机器测试\身高体重\德育龙\WeightCore\WeightCore\GameSystem\GameWindowSys\RunningTestingWindowSys.cs:行号 372
   在 WeightCore.GameSystem.GameWindow.RunningTestingWindow.AutoMatchStudent() 位置 D:\WorkProject\C#Project\机器测试\身高体重\德育龙\WeightCore\WeightCore\GameSystem\GameWindow\RunningTestingWindow.cs:行号 481
【异常方法】：Void set_SelectedIndex(Int32)
***************************************************************

--------------------------------------------------

Date：2023-02-14 11:20:23.353
LogLevel：Debug
Message： 
****************************异常文本****************************
【出现时间】：2023/2/14 11:20:23
【异常类型】：ArgumentOutOfRangeException
【异常信息】：InvalidArgument=“0”的值对于“SelectedIndex”无效。
参数名: SelectedIndex
【堆栈调用】：   在 System.Windows.Forms.ListBox.set_SelectedIndex(Int32 value)
   在 Sunny.UI.UIListBox.set_SelectedIndex(Int32 value)
   在 Sunny.UI.UIComboBox.set_SelectedIndex(Int32 value)
   在 WeightCore.GameSystem.MyControl.UserControl1.set_P_State(Int32 value) 位置 D:\WorkProject\C#Project\机器测试\身高体重\德育龙\WeightCore\WeightCore\GameSystem\MyControl\UserControl1.cs:行号 112
   在 WeightCore.GameSystem.GameWindowSys.RunningTestingWindowSys.ClearMatchStudent(List`1 userControl1s) 位置 D:\WorkProject\C#Project\机器测试\身高体重\德育龙\WeightCore\WeightCore\GameSystem\GameWindowSys\RunningTestingWindowSys.cs:行号 372
   在 WeightCore.GameSystem.GameWindow.RunningTestingWindow.AutoMatchStudent() 位置 D:\WorkProject\C#Project\机器测试\身高体重\德育龙\WeightCore\WeightCore\GameSystem\GameWindow\RunningTestingWindow.cs:行号 481
【异常方法】：Void set_SelectedIndex(Int32)
***************************************************************

--------------------------------------------------

Date：2023-02-14 11:20:23.551
LogLevel：Debug
Message： 
****************************异常文本****************************
【出现时间】：2023/2/14 11:20:23
【异常类型】：ArgumentOutOfRangeException
【异常信息】：InvalidArgument=“0”的值对于“SelectedIndex”无效。
参数名: SelectedIndex
【堆栈调用】：   在 System.Windows.Forms.ListBox.set_SelectedIndex(Int32 value)
   在 Sunny.UI.UIListBox.set_SelectedIndex(Int32 value)
   在 Sunny.UI.UIComboBox.set_SelectedIndex(Int32 value)
   在 WeightCore.GameSystem.MyControl.UserControl1.set_P_State(Int32 value) 位置 D:\WorkProject\C#Project\机器测试\身高体重\德育龙\WeightCore\WeightCore\GameSystem\MyControl\UserControl1.cs:行号 112
   在 WeightCore.GameSystem.GameWindowSys.RunningTestingWindowSys.ClearMatchStudent(List`1 userControl1s) 位置 D:\WorkProject\C#Project\机器测试\身高体重\德育龙\WeightCore\WeightCore\GameSystem\GameWindowSys\RunningTestingWindowSys.cs:行号 372
   在 WeightCore.GameSystem.GameWindow.RunningTestingWindow.AutoMatchStudent() 位置 D:\WorkProject\C#Project\机器测试\身高体重\德育龙\WeightCore\WeightCore\GameSystem\GameWindow\RunningTestingWindow.cs:行号 481
【异常方法】：Void set_SelectedIndex(Int32)
***************************************************************

--------------------------------------------------