

Date：2023-02-14 15:26:18.090
LogLevel：Debug
Message： 
****************************异常文本****************************
【出现时间】：2023/2/14 15:26:18
【异常类型】：ArgumentOutOfRangeException
【异常信息】：InvalidArgument=“0”的值对于“SelectedIndex”无效。
参数名: SelectedIndex
【堆栈调用】：   在 System.Windows.Forms.ComboBox.set_SelectedIndex(Int32 value)
   在 WeightCore.GameSystem.MyControl.UserControl1.set_p_stateCbx_selectIndex(Int32 value) 位置 D:\WorkProject\C#Project\机器测试\身高体重\德育龙\WeightCore\WeightCore\GameSystem\MyControl\UserControl1.cs:行号 182
   在 WeightCore.GameSystem.GameWindowSys.RunningTestingWindowSys.ClearMatchStudent(List`1 userControl1s) 位置 D:\WorkProject\C#Project\机器测试\身高体重\德育龙\WeightCore\WeightCore\GameSystem\GameWindowSys\RunningTestingWindowSys.cs:行号 372
   在 WeightCore.GameSystem.GameWindow.RunningTestingWindow.AutoMatchStudent() 位置 D:\WorkProject\C#Project\机器测试\身高体重\德育龙\WeightCore\WeightCore\GameSystem\GameWindow\RunningTestingWindow.cs:行号 481
【异常方法】：Void set_SelectedIndex(Int32)
***************************************************************

--------------------------------------------------

Date：2023-02-14 15:26:19.968
LogLevel：Debug
Message： 
****************************异常文本****************************
【出现时间】：2023/2/14 15:26:19
【异常类型】：ArgumentOutOfRangeException
【异常信息】：InvalidArgument=“0”的值对于“SelectedIndex”无效。
参数名: SelectedIndex
【堆栈调用】：   在 System.Windows.Forms.ComboBox.set_SelectedIndex(Int32 value)
   在 WeightCore.GameSystem.MyControl.UserControl1.set_p_stateCbx_selectIndex(Int32 value) 位置 D:\WorkProject\C#Project\机器测试\身高体重\德育龙\WeightCore\WeightCore\GameSystem\MyControl\UserControl1.cs:行号 182
   在 WeightCore.GameSystem.GameWindowSys.RunningTestingWindowSys.ClearMatchStudent(List`1 userControl1s) 位置 D:\WorkProject\C#Project\机器测试\身高体重\德育龙\WeightCore\WeightCore\GameSystem\GameWindowSys\RunningTestingWindowSys.cs:行号 372
   在 WeightCore.GameSystem.GameWindow.RunningTestingWindow.AutoMatchStudent() 位置 D:\WorkProject\C#Project\机器测试\身高体重\德育龙\WeightCore\WeightCore\GameSystem\GameWindow\RunningTestingWindow.cs:行号 481
【异常方法】：Void set_SelectedIndex(Int32)
***************************************************************

--------------------------------------------------

Date：2023-02-14 15:26:20.170
LogLevel：Debug
Message： 
****************************异常文本****************************
【出现时间】：2023/2/14 15:26:20
【异常类型】：ArgumentOutOfRangeException
【异常信息】：InvalidArgument=“0”的值对于“SelectedIndex”无效。
参数名: SelectedIndex
【堆栈调用】：   在 System.Windows.Forms.ComboBox.set_SelectedIndex(Int32 value)
   在 WeightCore.GameSystem.MyControl.UserControl1.set_p_stateCbx_selectIndex(Int32 value) 位置 D:\WorkProject\C#Project\机器测试\身高体重\德育龙\WeightCore\WeightCore\GameSystem\MyControl\UserControl1.cs:行号 182
   在 WeightCore.GameSystem.GameWindowSys.RunningTestingWindowSys.ClearMatchStudent(List`1 userControl1s) 位置 D:\WorkProject\C#Project\机器测试\身高体重\德育龙\WeightCore\WeightCore\GameSystem\GameWindowSys\RunningTestingWindowSys.cs:行号 372
   在 WeightCore.GameSystem.GameWindow.RunningTestingWindow.AutoMatchStudent() 位置 D:\WorkProject\C#Project\机器测试\身高体重\德育龙\WeightCore\WeightCore\GameSystem\GameWindow\RunningTestingWindow.cs:行号 481
【异常方法】：Void set_SelectedIndex(Int32)
***************************************************************

--------------------------------------------------

Date：2023-02-14 15:26:20.375
LogLevel：Debug
Message： 
****************************异常文本****************************
【出现时间】：2023/2/14 15:26:20
【异常类型】：ArgumentOutOfRangeException
【异常信息】：InvalidArgument=“0”的值对于“SelectedIndex”无效。
参数名: SelectedIndex
【堆栈调用】：   在 System.Windows.Forms.ComboBox.set_SelectedIndex(Int32 value)
   在 WeightCore.GameSystem.MyControl.UserControl1.set_p_stateCbx_selectIndex(Int32 value) 位置 D:\WorkProject\C#Project\机器测试\身高体重\德育龙\WeightCore\WeightCore\GameSystem\MyControl\UserControl1.cs:行号 182
   在 WeightCore.GameSystem.GameWindowSys.RunningTestingWindowSys.ClearMatchStudent(List`1 userControl1s) 位置 D:\WorkProject\C#Project\机器测试\身高体重\德育龙\WeightCore\WeightCore\GameSystem\GameWindowSys\RunningTestingWindowSys.cs:行号 372
   在 WeightCore.GameSystem.GameWindow.RunningTestingWindow.AutoMatchStudent() 位置 D:\WorkProject\C#Project\机器测试\身高体重\德育龙\WeightCore\WeightCore\GameSystem\GameWindow\RunningTestingWindow.cs:行号 481
【异常方法】：Void set_SelectedIndex(Int32)
***************************************************************

--------------------------------------------------

Date：2023-02-14 15:26:20.571
LogLevel：Debug
Message： 
****************************异常文本****************************
【出现时间】：2023/2/14 15:26:20
【异常类型】：ArgumentOutOfRangeException
【异常信息】：InvalidArgument=“0”的值对于“SelectedIndex”无效。
参数名: SelectedIndex
【堆栈调用】：   在 System.Windows.Forms.ComboBox.set_SelectedIndex(Int32 value)
   在 WeightCore.GameSystem.MyControl.UserControl1.set_p_stateCbx_selectIndex(Int32 value) 位置 D:\WorkProject\C#Project\机器测试\身高体重\德育龙\WeightCore\WeightCore\GameSystem\MyControl\UserControl1.cs:行号 182
   在 WeightCore.GameSystem.GameWindowSys.RunningTestingWindowSys.ClearMatchStudent(List`1 userControl1s) 位置 D:\WorkProject\C#Project\机器测试\身高体重\德育龙\WeightCore\WeightCore\GameSystem\GameWindowSys\RunningTestingWindowSys.cs:行号 372
   在 WeightCore.GameSystem.GameWindow.RunningTestingWindow.AutoMatchStudent() 位置 D:\WorkProject\C#Project\机器测试\身高体重\德育龙\WeightCore\WeightCore\GameSystem\GameWindow\RunningTestingWindow.cs:行号 481
【异常方法】：Void set_SelectedIndex(Int32)
***************************************************************

--------------------------------------------------

Date：2023-02-14 15:26:20.770
LogLevel：Debug
Message： 
****************************异常文本****************************
【出现时间】：2023/2/14 15:26:20
【异常类型】：ArgumentOutOfRangeException
【异常信息】：InvalidArgument=“0”的值对于“SelectedIndex”无效。
参数名: SelectedIndex
【堆栈调用】：   在 System.Windows.Forms.ComboBox.set_SelectedIndex(Int32 value)
   在 WeightCore.GameSystem.MyControl.UserControl1.set_p_stateCbx_selectIndex(Int32 value) 位置 D:\WorkProject\C#Project\机器测试\身高体重\德育龙\WeightCore\WeightCore\GameSystem\MyControl\UserControl1.cs:行号 182
   在 WeightCore.GameSystem.GameWindowSys.RunningTestingWindowSys.ClearMatchStudent(List`1 userControl1s) 位置 D:\WorkProject\C#Project\机器测试\身高体重\德育龙\WeightCore\WeightCore\GameSystem\GameWindowSys\RunningTestingWindowSys.cs:行号 372
   在 WeightCore.GameSystem.GameWindow.RunningTestingWindow.AutoMatchStudent() 位置 D:\WorkProject\C#Project\机器测试\身高体重\德育龙\WeightCore\WeightCore\GameSystem\GameWindow\RunningTestingWindow.cs:行号 481
【异常方法】：Void set_SelectedIndex(Int32)
***************************************************************

--------------------------------------------------

Date：2023-02-14 15:26:20.981
LogLevel：Debug
Message： 
****************************异常文本****************************
【出现时间】：2023/2/14 15:26:20
【异常类型】：ArgumentOutOfRangeException
【异常信息】：InvalidArgument=“0”的值对于“SelectedIndex”无效。
参数名: SelectedIndex
【堆栈调用】：   在 System.Windows.Forms.ComboBox.set_SelectedIndex(Int32 value)
   在 WeightCore.GameSystem.MyControl.UserControl1.set_p_stateCbx_selectIndex(Int32 value) 位置 D:\WorkProject\C#Project\机器测试\身高体重\德育龙\WeightCore\WeightCore\GameSystem\MyControl\UserControl1.cs:行号 182
   在 WeightCore.GameSystem.GameWindowSys.RunningTestingWindowSys.ClearMatchStudent(List`1 userControl1s) 位置 D:\WorkProject\C#Project\机器测试\身高体重\德育龙\WeightCore\WeightCore\GameSystem\GameWindowSys\RunningTestingWindowSys.cs:行号 372
   在 WeightCore.GameSystem.GameWindow.RunningTestingWindow.AutoMatchStudent() 位置 D:\WorkProject\C#Project\机器测试\身高体重\德育龙\WeightCore\WeightCore\GameSystem\GameWindow\RunningTestingWindow.cs:行号 481
【异常方法】：Void set_SelectedIndex(Int32)
***************************************************************

--------------------------------------------------

Date：2023-02-14 15:26:21.181
LogLevel：Debug
Message： 
****************************异常文本****************************
【出现时间】：2023/2/14 15:26:21
【异常类型】：ArgumentOutOfRangeException
【异常信息】：InvalidArgument=“0”的值对于“SelectedIndex”无效。
参数名: SelectedIndex
【堆栈调用】：   在 System.Windows.Forms.ComboBox.set_SelectedIndex(Int32 value)
   在 WeightCore.GameSystem.MyControl.UserControl1.set_p_stateCbx_selectIndex(Int32 value) 位置 D:\WorkProject\C#Project\机器测试\身高体重\德育龙\WeightCore\WeightCore\GameSystem\MyControl\UserControl1.cs:行号 182
   在 WeightCore.GameSystem.GameWindowSys.RunningTestingWindowSys.ClearMatchStudent(List`1 userControl1s) 位置 D:\WorkProject\C#Project\机器测试\身高体重\德育龙\WeightCore\WeightCore\GameSystem\GameWindowSys\RunningTestingWindowSys.cs:行号 372
   在 WeightCore.GameSystem.GameWindow.RunningTestingWindow.AutoMatchStudent() 位置 D:\WorkProject\C#Project\机器测试\身高体重\德育龙\WeightCore\WeightCore\GameSystem\GameWindow\RunningTestingWindow.cs:行号 481
【异常方法】：Void set_SelectedIndex(Int32)
***************************************************************

--------------------------------------------------

Date：2023-02-14 15:26:21.391
LogLevel：Debug
Message： 
****************************异常文本****************************
【出现时间】：2023/2/14 15:26:21
【异常类型】：ArgumentOutOfRangeException
【异常信息】：InvalidArgument=“0”的值对于“SelectedIndex”无效。
参数名: SelectedIndex
【堆栈调用】：   在 System.Windows.Forms.ComboBox.set_SelectedIndex(Int32 value)
   在 WeightCore.GameSystem.MyControl.UserControl1.set_p_stateCbx_selectIndex(Int32 value) 位置 D:\WorkProject\C#Project\机器测试\身高体重\德育龙\WeightCore\WeightCore\GameSystem\MyControl\UserControl1.cs:行号 182
   在 WeightCore.GameSystem.GameWindowSys.RunningTestingWindowSys.ClearMatchStudent(List`1 userControl1s) 位置 D:\WorkProject\C#Project\机器测试\身高体重\德育龙\WeightCore\WeightCore\GameSystem\GameWindowSys\RunningTestingWindowSys.cs:行号 372
   在 WeightCore.GameSystem.GameWindow.RunningTestingWindow.AutoMatchStudent() 位置 D:\WorkProject\C#Project\机器测试\身高体重\德育龙\WeightCore\WeightCore\GameSystem\GameWindow\RunningTestingWindow.cs:行号 481
【异常方法】：Void set_SelectedIndex(Int32)
***************************************************************

--------------------------------------------------

Date：2023-02-14 15:26:21.597
LogLevel：Debug
Message： 
****************************异常文本****************************
【出现时间】：2023/2/14 15:26:21
【异常类型】：ArgumentOutOfRangeException
【异常信息】：InvalidArgument=“0”的值对于“SelectedIndex”无效。
参数名: SelectedIndex
【堆栈调用】：   在 System.Windows.Forms.ComboBox.set_SelectedIndex(Int32 value)
   在 WeightCore.GameSystem.MyControl.UserControl1.set_p_stateCbx_selectIndex(Int32 value) 位置 D:\WorkProject\C#Project\机器测试\身高体重\德育龙\WeightCore\WeightCore\GameSystem\MyControl\UserControl1.cs:行号 182
   在 WeightCore.GameSystem.GameWindowSys.RunningTestingWindowSys.ClearMatchStudent(List`1 userControl1s) 位置 D:\WorkProject\C#Project\机器测试\身高体重\德育龙\WeightCore\WeightCore\GameSystem\GameWindowSys\RunningTestingWindowSys.cs:行号 372
   在 WeightCore.GameSystem.GameWindow.RunningTestingWindow.AutoMatchStudent() 位置 D:\WorkProject\C#Project\机器测试\身高体重\德育龙\WeightCore\WeightCore\GameSystem\GameWindow\RunningTestingWindow.cs:行号 481
【异常方法】：Void set_SelectedIndex(Int32)
***************************************************************

--------------------------------------------------

Date：2023-02-14 15:26:21.808
LogLevel：Debug
Message： 
****************************异常文本****************************
【出现时间】：2023/2/14 15:26:21
【异常类型】：ArgumentOutOfRangeException
【异常信息】：InvalidArgument=“0”的值对于“SelectedIndex”无效。
参数名: SelectedIndex
【堆栈调用】：   在 System.Windows.Forms.ComboBox.set_SelectedIndex(Int32 value)
   在 WeightCore.GameSystem.MyControl.UserControl1.set_p_stateCbx_selectIndex(Int32 value) 位置 D:\WorkProject\C#Project\机器测试\身高体重\德育龙\WeightCore\WeightCore\GameSystem\MyControl\UserControl1.cs:行号 182
   在 WeightCore.GameSystem.GameWindowSys.RunningTestingWindowSys.ClearMatchStudent(List`1 userControl1s) 位置 D:\WorkProject\C#Project\机器测试\身高体重\德育龙\WeightCore\WeightCore\GameSystem\GameWindowSys\RunningTestingWindowSys.cs:行号 372
   在 WeightCore.GameSystem.GameWindow.RunningTestingWindow.AutoMatchStudent() 位置 D:\WorkProject\C#Project\机器测试\身高体重\德育龙\WeightCore\WeightCore\GameSystem\GameWindow\RunningTestingWindow.cs:行号 481
【异常方法】：Void set_SelectedIndex(Int32)
***************************************************************

--------------------------------------------------

Date：2023-02-14 15:26:22.006
LogLevel：Debug
Message： 
****************************异常文本****************************
【出现时间】：2023/2/14 15:26:22
【异常类型】：ArgumentOutOfRangeException
【异常信息】：InvalidArgument=“0”的值对于“SelectedIndex”无效。
参数名: SelectedIndex
【堆栈调用】：   在 System.Windows.Forms.ComboBox.set_SelectedIndex(Int32 value)
   在 WeightCore.GameSystem.MyControl.UserControl1.set_p_stateCbx_selectIndex(Int32 value) 位置 D:\WorkProject\C#Project\机器测试\身高体重\德育龙\WeightCore\WeightCore\GameSystem\MyControl\UserControl1.cs:行号 182
   在 WeightCore.GameSystem.GameWindowSys.RunningTestingWindowSys.ClearMatchStudent(List`1 userControl1s) 位置 D:\WorkProject\C#Project\机器测试\身高体重\德育龙\WeightCore\WeightCore\GameSystem\GameWindowSys\RunningTestingWindowSys.cs:行号 372
   在 WeightCore.GameSystem.GameWindow.RunningTestingWindow.AutoMatchStudent() 位置 D:\WorkProject\C#Project\机器测试\身高体重\德育龙\WeightCore\WeightCore\GameSystem\GameWindow\RunningTestingWindow.cs:行号 481
【异常方法】：Void set_SelectedIndex(Int32)
***************************************************************

--------------------------------------------------

Date：2023-02-14 15:26:24.077
LogLevel：Debug
Message： 
****************************异常文本****************************
【出现时间】：2023/2/14 15:26:24
【异常类型】：ArgumentOutOfRangeException
【异常信息】：InvalidArgument=“0”的值对于“SelectedIndex”无效。
参数名: SelectedIndex
【堆栈调用】：   在 System.Windows.Forms.ComboBox.set_SelectedIndex(Int32 value)
   在 WeightCore.GameSystem.MyControl.UserControl1.set_p_stateCbx_selectIndex(Int32 value) 位置 D:\WorkProject\C#Project\机器测试\身高体重\德育龙\WeightCore\WeightCore\GameSystem\MyControl\UserControl1.cs:行号 182
   在 WeightCore.GameSystem.GameWindowSys.RunningTestingWindowSys.ClearMatchStudent(List`1 userControl1s) 位置 D:\WorkProject\C#Project\机器测试\身高体重\德育龙\WeightCore\WeightCore\GameSystem\GameWindowSys\RunningTestingWindowSys.cs:行号 372
   在 WeightCore.GameSystem.GameWindow.RunningTestingWindow.AutoMatchStudent() 位置 D:\WorkProject\C#Project\机器测试\身高体重\德育龙\WeightCore\WeightCore\GameSystem\GameWindow\RunningTestingWindow.cs:行号 481
【异常方法】：Void set_SelectedIndex(Int32)
***************************************************************

--------------------------------------------------

Date：2023-02-14 15:26:24.299
LogLevel：Debug
Message： 
****************************异常文本****************************
【出现时间】：2023/2/14 15:26:24
【异常类型】：ArgumentOutOfRangeException
【异常信息】：InvalidArgument=“0”的值对于“SelectedIndex”无效。
参数名: SelectedIndex
【堆栈调用】：   在 System.Windows.Forms.ComboBox.set_SelectedIndex(Int32 value)
   在 WeightCore.GameSystem.MyControl.UserControl1.set_p_stateCbx_selectIndex(Int32 value) 位置 D:\WorkProject\C#Project\机器测试\身高体重\德育龙\WeightCore\WeightCore\GameSystem\MyControl\UserControl1.cs:行号 182
   在 WeightCore.GameSystem.GameWindowSys.RunningTestingWindowSys.ClearMatchStudent(List`1 userControl1s) 位置 D:\WorkProject\C#Project\机器测试\身高体重\德育龙\WeightCore\WeightCore\GameSystem\GameWindowSys\RunningTestingWindowSys.cs:行号 372
   在 WeightCore.GameSystem.GameWindow.RunningTestingWindow.AutoMatchStudent() 位置 D:\WorkProject\C#Project\机器测试\身高体重\德育龙\WeightCore\WeightCore\GameSystem\GameWindow\RunningTestingWindow.cs:行号 481
【异常方法】：Void set_SelectedIndex(Int32)
***************************************************************

--------------------------------------------------

Date：2023-02-14 15:26:24.506
LogLevel：Debug
Message： 
****************************异常文本****************************
【出现时间】：2023/2/14 15:26:24
【异常类型】：ArgumentOutOfRangeException
【异常信息】：InvalidArgument=“0”的值对于“SelectedIndex”无效。
参数名: SelectedIndex
【堆栈调用】：   在 System.Windows.Forms.ComboBox.set_SelectedIndex(Int32 value)
   在 WeightCore.GameSystem.MyControl.UserControl1.set_p_stateCbx_selectIndex(Int32 value) 位置 D:\WorkProject\C#Project\机器测试\身高体重\德育龙\WeightCore\WeightCore\GameSystem\MyControl\UserControl1.cs:行号 182
   在 WeightCore.GameSystem.GameWindowSys.RunningTestingWindowSys.ClearMatchStudent(List`1 userControl1s) 位置 D:\WorkProject\C#Project\机器测试\身高体重\德育龙\WeightCore\WeightCore\GameSystem\GameWindowSys\RunningTestingWindowSys.cs:行号 372
   在 WeightCore.GameSystem.GameWindow.RunningTestingWindow.AutoMatchStudent() 位置 D:\WorkProject\C#Project\机器测试\身高体重\德育龙\WeightCore\WeightCore\GameSystem\GameWindow\RunningTestingWindow.cs:行号 481
【异常方法】：Void set_SelectedIndex(Int32)
***************************************************************

--------------------------------------------------