

Date：2023-02-15 14:04:20.143
LogLevel：Error
Message： 
****************************异常文本****************************
【出现时间】：2023/2/15 14:04:20
【异常类型】：NullReferenceException
【异常信息】：未将对象引用设置到对象的实例。
【堆栈调用】：   在 WeightCore.GameSystem.GameWindow.RunningTestWindow.RunningTestWindow_Load(Object sender, EventArgs e) 位置 D:\WorkProject\C#Project\机器测试\身高体重\德育龙\WeightCore\WeightCore\GameSystem\GameWindow\RunningTestWindow.cs:行号 68
   在 System.Windows.Forms.Form.OnLoad(EventArgs e)
   在 System.Windows.Forms.Form.OnCreateControl()
   在 System.Windows.Forms.Control.CreateControl(Boolean fIgnoreVisible)
   在 System.Windows.Forms.Control.CreateControl()
   在 System.Windows.Forms.Control.WmShowWindow(Message& m)
   在 System.Windows.Forms.Control.WndProc(Message& m)
   在 System.Windows.Forms.ScrollableControl.WndProc(Message& m)
   在 System.Windows.Forms.ContainerControl.WndProc(Message& m)
   在 System.Windows.Forms.Form.WmShowWindow(Message& m)
   在 System.Windows.Forms.Form.WndProc(Message& m)
   在 System.Windows.Forms.Control.ControlNativeWindow.OnMessage(Message& m)
   在 System.Windows.Forms.Control.ControlNativeWindow.WndProc(Message& m)
   在 System.Windows.Forms.NativeWindow.Callback(IntPtr hWnd, Int32 msg, IntPtr wparam, IntPtr lparam)
【异常方法】：Void RunningTestWindow_Load(System.Object, System.EventArgs)
***************************************************************

--------------------------------------------------

Date：2023-02-15 14:04:52.836
LogLevel：Error
Message： 
****************************异常文本****************************
【出现时间】：2023/2/15 14:04:52
【异常类型】：NullReferenceException
【异常信息】：未将对象引用设置到对象的实例。
【堆栈调用】：   在 WeightCore.GameSystem.GameWindow.RunningTestWindow.RunningTestWindow_Load(Object sender, EventArgs e) 位置 D:\WorkProject\C#Project\机器测试\身高体重\德育龙\WeightCore\WeightCore\GameSystem\GameWindow\RunningTestWindow.cs:行号 68
   在 System.Windows.Forms.Form.OnLoad(EventArgs e)
   在 System.Windows.Forms.Form.OnCreateControl()
   在 System.Windows.Forms.Control.CreateControl(Boolean fIgnoreVisible)
   在 System.Windows.Forms.Control.CreateControl()
   在 System.Windows.Forms.Control.WmShowWindow(Message& m)
   在 System.Windows.Forms.Control.WndProc(Message& m)
   在 System.Windows.Forms.ScrollableControl.WndProc(Message& m)
   在 System.Windows.Forms.ContainerControl.WndProc(Message& m)
   在 System.Windows.Forms.Form.WmShowWindow(Message& m)
   在 System.Windows.Forms.Form.WndProc(Message& m)
   在 System.Windows.Forms.Control.ControlNativeWindow.OnMessage(Message& m)
   在 System.Windows.Forms.Control.ControlNativeWindow.WndProc(Message& m)
   在 System.Windows.Forms.NativeWindow.Callback(IntPtr hWnd, Int32 msg, IntPtr wparam, IntPtr lparam)
【异常方法】：Void RunningTestWindow_Load(System.Object, System.EventArgs)
***************************************************************

--------------------------------------------------